<?xml version="1.0" encoding="UTF-8"?>
<!-- Generated by org.testng.reporters.JUnitReportReporter -->
<testsuite hostname="LTILBOM20102124" failures="0" tests="1" name="com.automation.selenium_template.TestRunner" time="0.317" errors="0" timestamp="2023-08-31T17:59:58 IST" skipped="0">
  <testcase classname="com.automation.selenium_template.TestRunner" name="sampleTest" time="0.317"/>
</testsuite> <!-- com.automation.selenium_template.TestRunner -->
